This file contains any messages produced by compilers while
running configure, to aid debugging if configure makes a mistake.

It was created by libogg configure 1.3.4, which was
generated by GNU Autoconf 2.69.  Invocation command line was

  $ ./configure --disable-shared --prefix=/Users/mitist/sharpener/build

## --------- ##
## Platform. ##
## --------- ##

hostname = Justins-MBP-5
uname -m = x86_64
uname -r = 17.7.0
uname -s = Darwin
uname -v = Darwin Kernel Version 17.7.0: Fri Nov  2 20:43:16 PDT 2018; root:xnu-4570.71.17~1/RELEASE_X86_64

/usr/bin/uname -p = i386
/bin/uname -X     = unknown

/bin/arch              = unknown
/usr/bin/arch -k       = unknown
/usr/convex/getsysinfo = unknown
/usr/bin/hostinfo      = Mach kernel version:
	 Darwin Kernel Version 17.7.0: Fri Nov  2 20:43:16 PDT 2018; root:xnu-4570.71.17~1/RELEASE_X86_64
Kernel configured for up to 8 processors.
4 processors are physically available.
8 processors are logically available.
Processor type: x86_64h (Intel x86-64h Haswell)
Processors active: 0 1 2 3 4 5 6 7
Primary memory available: 16.00 gigabytes
Default processor set: 565 tasks, 5230 threads, 8 processors
Load average: 2.42, Mach factor: 5.57
/bin/machine           = unknown
/usr/bin/oslevel       = unknown
/bin/universe          = unknown

PATH: /Users/mitist/emsdk/fastcomp/emscripten/system/bin
PATH: /Users/mitist/emsdk
PATH: /Users/mitist/emsdk/fastcomp/emscripten
PATH: /Users/mitist/emsdk/node/12.9.1_64bit/bin
PATH: /usr/local/bin
PATH: /usr/bin
PATH: /bin
PATH: /usr/sbin
PATH: /sbin
PATH: /usr/local/MacGPG2/bin
PATH: /opt/X11/bin
PATH: /Library/Frameworks/Mono.framework/Versions/Current/Commands
PATH: /Applications/Wireshark.app/Contents/MacOS
PATH: /opt/metasploit-framework/bin
PATH: /Users/mitist/bin


## ----------- ##
## Core tests. ##
## ----------- ##

configure:2482: checking build system type
configure:2496: result: x86_64-apple-darwin17.7.0
configure:2516: checking host system type
configure:2529: result: x86_64-apple-darwin17.7.0
configure:2570: checking how to print strings
configure:2597: result: printf
configure:2669: checking for gcc
configure:2696: result: /Users/mitist/emsdk/fastcomp/emscripten/emcc
configure:2925: checking for C compiler version
configure:2934: /Users/mitist/emsdk/fastcomp/emscripten/emcc --version >&5
emcc (Emscripten gcc/clang-like replacement) 1.38.47 (commit 6ab7f5829a6987749854cd6f714854824c12ed16)
Copyright (C) 2014 the Emscripten authors (see AUTHORS.txt)
This is free and open source software under the MIT license.
There is NO warranty; not even for MERCHANTABILITY or FITNESS FOR A PARTICULAR PURPOSE.
  
configure:2945: $? = 0
configure:2934: /Users/mitist/emsdk/fastcomp/emscripten/emcc -v >&5
emcc (Emscripten gcc/clang-like replacement + linker emulating GNU ld) 1.38.47
clang version 6.0.1 (/b/s/w/ir/cache/git/chromium.googlesource.com-external-github.com-emscripten--core-emscripten--fastcomp--clang 98df4be387dde3e3918fa5bbb5fc43e1a0e1daac) (/b/s/w/ir/cache/git/chromium.googlesource.com-external-github.com-emscripten--core-emscripten--fastcomp 6c7e775325067e33fa60611e619a8b987b6d0c35) (emscripten 1.38.31 : 1.38.31)
Target: x86_64-apple-darwin17.7.0
Thread model: posix
InstalledDir: /Users/mitist/emsdk/fastcomp/fastcomp/bin
shared:INFO: (Emscripten: Running sanity checks)
configure:2945: $? = 0
configure:2934: /Users/mitist/emsdk/fastcomp/emscripten/emcc -V >&5
shared:ERROR: no input files
note that input files without a known suffix are ignored, make sure your input files end with one of: ('.c', '.C', '.i', '.cpp', '.cxx', '.cc', '.c++', '.CPP', '.CXX', '.CC', '.C++', '.ii', '.m', '.mi', '.mm', '.mii', '/dev/null', '.bc', '.o', '.obj', '.lo', '.dylib', '.so', '.a', '.ll', '.h', '.hxx', '.hpp', '.hh', '.H', '.HXX', '.HPP', '.HH')
configure:2945: $? = 1
configure:2934: /Users/mitist/emsdk/fastcomp/emscripten/emcc -qversion >&5

## ---------------- ##
## Cache variables. ##
## ---------------- ##

ac_cv_build=x86_64-apple-darwin17.7.0
ac_cv_env_CC_set=set
ac_cv_env_CC_value=/Users/mitist/emsdk/fastcomp/emscripten/emcc
ac_cv_env_CFLAGS_set=
ac_cv_env_CFLAGS_value=
ac_cv_env_CPPFLAGS_set=
ac_cv_env_CPPFLAGS_value=
ac_cv_env_CPP_set=
ac_cv_env_CPP_value=
ac_cv_env_LDFLAGS_set=
ac_cv_env_LDFLAGS_value=
ac_cv_env_LIBS_set=
ac_cv_env_LIBS_value=
ac_cv_env_LT_SYS_LIBRARY_PATH_set=
ac_cv_env_LT_SYS_LIBRARY_PATH_value=
ac_cv_env_build_alias_set=
ac_cv_env_build_alias_value=
ac_cv_env_host_alias_set=
ac_cv_env_host_alias_value=
ac_cv_env_target_alias_set=
ac_cv_env_target_alias_value=
ac_cv_host=x86_64-apple-darwin17.7.0
ac_cv_prog_ac_ct_CC=/Users/mitist/emsdk/fastcomp/emscripten/emcc

## ----------------- ##
## Output variables. ##
## ----------------- ##

ACLOCAL=''
AMDEPBACKSLASH=''
AMDEP_FALSE=''
AMDEP_TRUE=''
AMTAR=''
AM_BACKSLASH=''
AM_DEFAULT_V=''
AM_DEFAULT_VERBOSITY=''
AM_V=''
AR='/Users/mitist/emsdk/fastcomp/emscripten/emar'
AUTOCONF=''
AUTOHEADER=''
AUTOMAKE=''
AWK=''
CC='/Users/mitist/emsdk/fastcomp/emscripten/emcc'
CCDEPMODE=''
CFLAGS=''
CPP=''
CPPFLAGS=''
CYGPATH_W=''
DEBUG=''
DEFS=''
DEPDIR=''
DISABLE_CRC_FALSE=''
DISABLE_CRC_TRUE=''
DLLTOOL=''
DSYMUTIL=''
DUMPBIN=''
ECHO_C='\c'
ECHO_N=''
ECHO_T=''
EGREP=''
EXEEXT=''
FGREP=''
GREP=''
INCLUDE_INTTYPES_H=''
INCLUDE_STDINT_H=''
INCLUDE_SYS_TYPES_H=''
INSTALL_DATA=''
INSTALL_PROGRAM=''
INSTALL_SCRIPT=''
INSTALL_STRIP_PROGRAM=''
LD='/Users/mitist/emsdk/fastcomp/emscripten/emcc'
LDFLAGS=''
LIBOBJS=''
LIBS=''
LIBTOOL=''
LIBTOOL_DEPS=''
LIB_AGE=''
LIB_CURRENT=''
LIB_REVISION=''
LIPO=''
LN_S=''
LTLIBOBJS=''
LT_SYS_LIBRARY_PATH=''
MAINT=''
MAINTAINER_MODE_FALSE=''
MAINTAINER_MODE_TRUE=''
MAKEINFO=''
MANIFEST_TOOL=''
MKDIR_P=''
NM='/Users/mitist/emsdk/fastcomp/fastcomp/bin/llvm-nm'
NMEDIT=''
OBJDUMP=''
OBJEXT=''
OPT=''
OTOOL64=''
OTOOL=''
PACKAGE=''
PACKAGE_BUGREPORT='ogg-dev@xiph.org'
PACKAGE_NAME='libogg'
PACKAGE_STRING='libogg 1.3.4'
PACKAGE_TARNAME='libogg'
PACKAGE_URL=''
PACKAGE_VERSION='1.3.4'
PATH_SEPARATOR=':'
PROFILE=''
RANLIB='/Users/mitist/emsdk/fastcomp/emscripten/emranlib'
SED=''
SET_MAKE=''
SHELL='/bin/sh'
SIZE16=''
SIZE32=''
SIZE64=''
STRIP=''
USIZE16=''
USIZE32=''
USIZE64=''
VERSION=''
ac_ct_AR=''
ac_ct_CC='/Users/mitist/emsdk/fastcomp/emscripten/emcc'
ac_ct_DUMPBIN=''
am__EXEEXT_FALSE=''
am__EXEEXT_TRUE=''
am__fastdepCC_FALSE=''
am__fastdepCC_TRUE=''
am__include=''
am__isrc=''
am__leading_dot=''
am__nodep=''
am__quote=''
am__tar=''
am__untar=''
bindir='${exec_prefix}/bin'
build='x86_64-apple-darwin17.7.0'
build_alias=''
build_cpu='x86_64'
build_os='darwin17.7.0'
build_vendor='apple'
datadir='${datarootdir}'
datarootdir='${prefix}/share'
docdir='${datarootdir}/doc/${PACKAGE_TARNAME}'
dvidir='${docdir}'
exec_prefix='NONE'
host='x86_64-apple-darwin17.7.0'
host_alias=''
host_cpu='x86_64'
host_os='darwin17.7.0'
host_vendor='apple'
htmldir='${docdir}'
includedir='${prefix}/include'
infodir='${datarootdir}/info'
install_sh=''
libdir='${exec_prefix}/lib'
libexecdir='${exec_prefix}/libexec'
localedir='${datarootdir}/locale'
localstatedir='${prefix}/var'
mandir='${datarootdir}/man'
mkdir_p=''
oldincludedir='/usr/include'
pdfdir='${docdir}'
prefix='/Users/mitist/sharpener/build'
program_transform_name='s,x,x,'
psdir='${docdir}'
sbindir='${exec_prefix}/sbin'
sharedstatedir='${prefix}/com'
sysconfdir='${prefix}/etc'
target_alias=''

## ----------- ##
## confdefs.h. ##
## ----------- ##

/* confdefs.h */
#define PACKAGE_NAME "libogg"
#define PACKAGE_TARNAME "libogg"
#define PACKAGE_VERSION "1.3.4"
#define PACKAGE_STRING "libogg 1.3.4"
#define PACKAGE_BUGREPORT "ogg-dev@xiph.org"
#define PACKAGE_URL ""

configure: caught signal 2
configure: exit 1
