This file contains any messages produced by compilers while
running configure, to aid debugging if configure makes a mistake.

It was created by libvorbis configure 1.3.6, which was
generated by GNU Autoconf 2.69.  Invocation command line was

  $ ./configure --disable-shared --prefix=/Users/mitist/sharpener/build

## --------- ##
## Platform. ##
## --------- ##

hostname = Justins-MBP-5
uname -m = x86_64
uname -r = 17.7.0
uname -s = Darwin
uname -v = Darwin Kernel Version 17.7.0: Fri Nov  2 20:43:16 PDT 2018; root:xnu-4570.71.17~1/RELEASE_X86_64

/usr/bin/uname -p = i386
/bin/uname -X     = unknown

/bin/arch              = unknown
/usr/bin/arch -k       = unknown
/usr/convex/getsysinfo = unknown
/usr/bin/hostinfo      = Mach kernel version:
	 Darwin Kernel Version 17.7.0: Fri Nov  2 20:43:16 PDT 2018; root:xnu-4570.71.17~1/RELEASE_X86_64
Kernel configured for up to 8 processors.
4 processors are physically available.
8 processors are logically available.
Processor type: x86_64h (Intel x86-64h Haswell)
Processors active: 0 1 2 3 4 5 6 7
Primary memory available: 16.00 gigabytes
Default processor set: 555 tasks, 5176 threads, 8 processors
Load average: 5.18, Mach factor: 2.99
/bin/machine           = unknown
/usr/bin/oslevel       = unknown
/bin/universe          = unknown

PATH: /Users/mitist/emsdk/fastcomp/emscripten/system/bin
PATH: /Users/mitist/emsdk
PATH: /Users/mitist/emsdk/fastcomp/emscripten
PATH: /Users/mitist/emsdk/node/12.9.1_64bit/bin
PATH: /usr/local/bin
PATH: /usr/bin
PATH: /bin
PATH: /usr/sbin
PATH: /sbin
PATH: /usr/local/MacGPG2/bin
PATH: /opt/X11/bin
PATH: /Library/Frameworks/Mono.framework/Versions/Current/Commands
PATH: /Applications/Wireshark.app/Contents/MacOS
PATH: /opt/metasploit-framework/bin
PATH: /Users/mitist/bin


## ----------- ##
## Core tests. ##
## ----------- ##

configure:2367: checking build system type
configure:2381: result: x86_64-apple-darwin17.7.0
configure:2401: checking host system type
configure:2414: result: x86_64-apple-darwin17.7.0
configure:2434: checking target system type
configure:2447: result: x86_64-apple-darwin17.7.0
configure:2490: checking for a BSD-compatible install
configure:2558: result: /usr/bin/install -c
configure:2569: checking whether build environment is sane
configure:2624: result: yes
configure:2775: checking for a thread-safe mkdir -p
configure:2814: result: ./install-sh -c -d
configure:2821: checking for gawk
configure:2851: result: no
configure:2821: checking for mawk
configure:2851: result: no
configure:2821: checking for nawk
configure:2851: result: no
configure:2821: checking for awk
configure:2837: found /usr/bin/awk
configure:2848: result: awk
configure:2859: checking whether make sets $(MAKE)
configure:2881: result: yes
configure:2910: checking whether make supports nested variables
configure:2927: result: yes
configure:3054: checking whether to enable maintainer-specific portions of Makefiles
configure:3063: result: no
configure:3091: checking whether make supports nested variables
configure:3108: result: yes
configure:3193: checking for gcc
configure:3220: result: /Users/mitist/emsdk/fastcomp/emscripten/emcc
configure:3449: checking for C compiler version
configure:3458: /Users/mitist/emsdk/fastcomp/emscripten/emcc --version >&5
emcc (Emscripten gcc/clang-like replacement) 1.38.47 (commit 6ab7f5829a6987749854cd6f714854824c12ed16)
Copyright (C) 2014 the Emscripten authors (see AUTHORS.txt)
This is free and open source software under the MIT license.
There is NO warranty; not even for MERCHANTABILITY or FITNESS FOR A PARTICULAR PURPOSE.
  
configure:3469: $? = 0
configure:3458: /Users/mitist/emsdk/fastcomp/emscripten/emcc -v >&5
emcc (Emscripten gcc/clang-like replacement + linker emulating GNU ld) 1.38.47
clang version 6.0.1 (/b/s/w/ir/cache/git/chromium.googlesource.com-external-github.com-emscripten--core-emscripten--fastcomp--clang 98df4be387dde3e3918fa5bbb5fc43e1a0e1daac) (/b/s/w/ir/cache/git/chromium.googlesource.com-external-github.com-emscripten--core-emscripten--fastcomp 6c7e775325067e33fa60611e619a8b987b6d0c35) (emscripten 1.38.31 : 1.38.31)
Target: x86_64-apple-darwin17.7.0
Thread model: posix
InstalledDir: /Users/mitist/emsdk/fastcomp/fastcomp/bin
shared:INFO: (Emscripten: Running sanity checks)
configure:3469: $? = 0
configure:3458: /Users/mitist/emsdk/fastcomp/emscripten/emcc -V >&5
shared:ERROR: no input files
note that input files without a known suffix are ignored, make sure your input files end with one of: ('.c', '.C', '.i', '.cpp', '.cxx', '.cc', '.c++', '.CPP', '.CXX', '.CC', '.C++', '.ii', '.m', '.mi', '.mm', '.mii', '/dev/null', '.bc', '.o', '.obj', '.lo', '.dylib', '.so', '.a', '.ll', '.h', '.hxx', '.hpp', '.hh', '.H', '.HXX', '.HPP', '.HH')
configure:3469: $? = 1
configure:3458: /Users/mitist/emsdk/fastcomp/emscripten/emcc -qversion >&5
shared:ERROR: no input files
note that input files without a known suffix are ignored, make sure your input files end with one of: ('.c', '.C', '.i', '.cpp', '.cxx', '.cc', '.c++', '.CPP', '.CXX', '.CC', '.C++', '.ii', '.m', '.mi', '.mm', '.mii', '/dev/null', '.bc', '.o', '.obj', '.lo', '.dylib', '.so', '.a', '.ll', '.h', '.hxx', '.hpp', '.hh', '.H', '.HXX', '.HPP', '.HH')
configure:3469: $? = 1
configure:3489: checking whether the C compiler works
configure:3511: /Users/mitist/emsdk/fastcomp/emscripten/emcc    conftest.c  >&5
configure:3515: $? = 0
configure:3563: result: yes
configure:3566: checking for C compiler default output file name
configure:3568: result: a.out
configure:3574: checking for suffix of executables
configure:3581: /Users/mitist/emsdk/fastcomp/emscripten/emcc -o conftest    conftest.c  >&5
configure:3585: $? = 0
configure:3607: result: 
configure:3629: checking whether we are cross compiling
configure:3637: /Users/mitist/emsdk/fastcomp/emscripten/emcc -o conftest    conftest.c  >&5
configure:3641: $? = 0
configure:3648: ./conftest
configure:3652: $? = 0
configure:3667: result: no
configure:3672: checking for suffix of object files
configure:3694: /Users/mitist/emsdk/fastcomp/emscripten/emcc -c   conftest.c >&5
configure:3698: $? = 0
configure:3719: result: o
configure:3723: checking whether we are using the GNU C compiler
configure:3742: /Users/mitist/emsdk/fastcomp/emscripten/emcc -c   conftest.c >&5
configure:3742: $? = 0
configure:3751: result: yes
configure:3760: checking whether /Users/mitist/emsdk/fastcomp/emscripten/emcc accepts -g
configure:3780: /Users/mitist/emsdk/fastcomp/emscripten/emcc -c -g  conftest.c >&5
configure:3780: $? = 0
configure:3821: result: yes
configure:3838: checking for /Users/mitist/emsdk/fastcomp/emscripten/emcc option to accept ISO C89
configure:3901: /Users/mitist/emsdk/fastcomp/emscripten/emcc  -c -g -O2  conftest.c >&5
configure:3901: $? = 0
configure:3914: result: none needed
configure:3939: checking whether /Users/mitist/emsdk/fastcomp/emscripten/emcc understands -c and -o together
configure:3961: /Users/mitist/emsdk/fastcomp/emscripten/emcc -c conftest.c -o conftest2.o
configure:3964: $? = 0
configure:3961: /Users/mitist/emsdk/fastcomp/emscripten/emcc -c conftest.c -o conftest2.o
configure:3964: $? = 0
configure:3976: result: yes
configure:4004: checking for style of include used by make
configure:4032: result: GNU
configure:4058: checking dependency style of /Users/mitist/emsdk/fastcomp/emscripten/emcc
configure:4169: result: gcc3
configure:4189: checking how to run the C preprocessor
configure:4220: /Users/mitist/emsdk/fastcomp/emscripten/emcc -E  conftest.c
configure:4220: $? = 0
configure:4234: /Users/mitist/emsdk/fastcomp/emscripten/emcc -E  conftest.c
conftest.c:11:10: fatal error: 'ac_nonexistent.h' file not found
#include <ac_nonexistent.h>
         ^~~~~~~~~~~~~~~~~~
1 error generated.
configure:4234: $? = 1
configure: failed program was:
| /* confdefs.h */
| #define PACKAGE_NAME "libvorbis"
| #define PACKAGE_TARNAME "libvorbis"
| #define PACKAGE_VERSION "1.3.6"
| #define PACKAGE_STRING "libvorbis 1.3.6"
| #define PACKAGE_BUGREPORT "vorbis-dev@xiph.org"
| #define PACKAGE_URL ""
| #define PACKAGE "libvorbis"
| #define VERSION "1.3.6"
| /* end confdefs.h.  */
| #include <ac_nonexistent.h>
configure:4259: result: /Users/mitist/emsdk/fastcomp/emscripten/emcc -E
configure:4279: /Users/mitist/emsdk/fastcomp/emscripten/emcc -E  conftest.c
configure:4279: $? = 0
configure:4293: /Users/mitist/emsdk/fastcomp/emscripten/emcc -E  conftest.c
conftest.c:11:10: fatal error: 'ac_nonexistent.h' file not found
#include <ac_nonexistent.h>
         ^~~~~~~~~~~~~~~~~~
1 error generated.
configure:4293: $? = 1
configure: failed program was:
| /* confdefs.h */
| #define PACKAGE_NAME "libvorbis"
| #define PACKAGE_TARNAME "libvorbis"
| #define PACKAGE_VERSION "1.3.6"
| #define PACKAGE_STRING "libvorbis 1.3.6"
| #define PACKAGE_BUGREPORT "vorbis-dev@xiph.org"
| #define PACKAGE_URL ""
| #define PACKAGE "libvorbis"
| #define VERSION "1.3.6"
| /* end confdefs.h.  */
| #include <ac_nonexistent.h>
configure:4324: checking for inline
configure:4340: /Users/mitist/emsdk/fastcomp/emscripten/emcc -c   conftest.c >&5
configure:4340: $? = 0
configure:4348: result: inline
configure:4716: checking how to print strings
configure:4743: result: printf
configure:4764: checking for a sed that does not truncate output
configure:4828: result: /usr/bin/sed
configure:4846: checking for grep that handles long lines and -e
configure:4904: result: /usr/bin/grep
configure:4909: checking for egrep
configure:4971: result: /usr/bin/grep -E
configure:4976: checking for fgrep
configure:5038: result: /usr/bin/grep -F
configure:5073: checking for ld used by /Users/mitist/emsdk/fastcomp/emscripten/emcc
shared:ERROR: no input files
note that input files without a known suffix are ignored, make sure your input files end with one of: ('.c', '.C', '.i', '.cpp', '.cxx', '.cc', '.c++', '.CPP', '.CXX', '.CC', '.C++', '.ii', '.m', '.mi', '.mm', '.mii', '/dev/null', '.bc', '.o', '.obj', '.lo', '.dylib', '.so', '.a', '.ll', '.h', '.hxx', '.hpp', '.hh', '.H', '.HXX', '.HPP', '.HH')
configure:5140: result: /Users/mitist/emsdk/fastcomp/emscripten/emcc
configure:5147: checking if the linker (/Users/mitist/emsdk/fastcomp/emscripten/emcc) is GNU ld
configure:5162: result: yes
configure:5174: checking for BSD- or MS-compatible name lister (nm)
configure:5228: result: /Users/mitist/emsdk/fastcomp/fastcomp/bin/llvm-nm
configure:5358: checking the name lister (/Users/mitist/emsdk/fastcomp/fastcomp/bin/llvm-nm) interface
configure:5365: /Users/mitist/emsdk/fastcomp/emscripten/emcc -c   conftest.c >&5
configure:5368: /Users/mitist/emsdk/fastcomp/fastcomp/bin/llvm-nm "conftest.o"
configure:5371: output
-------- D some_variable
configure:5378: result: BSD nm
configure:5381: checking whether ln -s works
configure:5385: result: yes
configure:5393: checking the maximum length of command line arguments
configure:5524: result: 196608
configure:5572: checking how to convert x86_64-apple-darwin17.7.0 file names to x86_64-apple-darwin17.7.0 format
configure:5612: result: func_convert_file_noop
configure:5619: checking how to convert x86_64-apple-darwin17.7.0 file names to toolchain format
configure:5639: result: func_convert_file_noop
configure:5646: checking for /Users/mitist/emsdk/fastcomp/emscripten/emcc option to reload object files
configure:5653: result: -r
configure:5727: checking for objdump
configure:5754: result: objdump
configure:5783: checking how to recognize dependent libraries
configure:5983: result: pass_all
configure:6068: checking for dlltool
configure:6095: result: dlltool
configure:6125: checking how to associate runtime and link libraries
configure:6152: result: printf %s\n
configure:6276: checking for archiver @FILE support
configure:6293: /Users/mitist/emsdk/fastcomp/emscripten/emcc -c   conftest.c >&5
configure:6293: $? = 0
configure:6296: /Users/mitist/emsdk/fastcomp/emscripten/emar cru libconftest.a @conftest.lst >&5
configure:6299: $? = 0
configure:6304: /Users/mitist/emsdk/fastcomp/emscripten/emar cru libconftest.a @conftest.lst >&5
/Users/mitist/emsdk/fastcomp/fastcomp/bin/llvm-ar: conftest.o: No such file or directory.
OVERVIEW: LLVM Archiver (llvm-ar)

  This program archives bitcode files into single libraries

USAGE: llvm-ar [options] [relpos] [count] <archive-file> [members]...

OPTIONS:
  -M                                                  - 
  -atomic-counter-update-promoted                     - Do counter update using atomic fetch add  for promoted counters only
  -bounds-checking-single-trap                        - Use one trap block per function
  -color                                              - use colored syntax highlighting (default=autodetect)
  -cost-kind                                          - Target cost kind
    =throughput                                       -   Reciprocal throughput
    =latency                                          -   Instruction latency
    =code-size                                        -   Code size
  -cvp-dont-process-adds                              - 
  -debug-counter                                      - Comma separated list of debug counter skip and count
    =predicateinfo-rename                             -   Controls which variables are renamed with predicateinfo
    =instcombine-visit                                -   Controls which instructions are visited
    =newgvn-vn                                        -   Controls which instructions are value numbered
    =newgvn-phi                                       -   Controls which instructions we create phi of ops for
  -do-counter-promotion                               - Do counter register promotion
  -emscripten-asmjs-work-around-ios-9-right-shift-bug - Enables codegen to guard against broken right shift by (non-immediate) zero on WebKit/Safari 9 on ARM iOS 9.3.5 (iPhone 4s and older)
  -emscripten-assertions=<int>                        - Additional JS-specific assertions (see emscripten ASSERTIONS)
  -emscripten-asyncify                                - Enable asyncify transformation (see emscripten ASYNCIFY option)
  -emscripten-asyncify-functions=<string>             - Functions that call one of these functions, directly or indirectly, will be asyncified
  -emscripten-asyncify-whitelist=<string>             - Functions that should not be asyncified
  -emscripten-cpp-exceptions-whitelist=<string>       - Enables C++ exceptions in emscripten (see emscripten EXCEPTION_CATCHING_WHITELIST option)
  -emscripten-emulate-function-pointer-casts          - Emulate function pointers casts, handling extra or ignored parameters (see emscripten EMULATE_FUNCTION_POINTER_CASTS option)
  -emscripten-emulated-function-pointers              - Emulate function pointers, avoiding asm.js function tables (see emscripten EMULATED_FUNCTION_POINTERS option)
  -emscripten-enable-pthreads                         - Enables compilation targeting JavaScript Shared Array Buffer and Atomics API to implement support for pthreads-based multithreading
  -emscripten-global-base=<int>                       - Where global variables start out in memory (see emscripten GLOBAL_BASE option)
  -emscripten-legalize-javascript-ffi                 - Whether to legalize JavaScript FFI calls (see emscripten LEGALIZE_JS_FFI option)
  -emscripten-no-aliasing-function-pointers           - Forces function pointers to not alias (this is more correct, but rarely needed, and has the cost of much larger function tables; it is useful for debugging though; see emscripten ALIASING_FUNCTION_POINTERS option)
  -emscripten-no-exit-runtime                         - Generate code which assumes the runtime is never exited (so atexit etc. is unneeded; see emscripten NO_EXIT_RUNTIME setting)
  -emscripten-only-wasm                               - Generate code that will only ever be used as WebAssembly, and is not valid JS or asm.js
  -emscripten-precise-f32                             - Enables Math.fround usage to implement precise float32 semantics and performance (see emscripten PRECISE_F32 option)
  -emscripten-relocatable                             - Whether to emit relocatable code (see emscripten RELOCATABLE option)
  -emscripten-reserved-function-pointers=<int>        - Number of reserved slots in function tables for functions to be added at runtime (see emscripten RESERVED_FUNCTION_POINTERS option)
  -emscripten-side-module                             - Whether to emit a side module (see emscripten SIDE_MODULE option)
  -emscripten-stack-size=<int>                        - How large a stack to create (important in wasm side modules; see emscripten TOTAL_STACK option)
  -emscripten-warn-noncanonical-nans                  - Warns about detected noncanonical bit patterns in NaNs that will not be preserved in the generated output (this can cause code to run wrong if the exact bits were important)
  -emscripten-warn-unaligned                          - Warns about unaligned loads and stores (which can negatively affect performance)
  -emscripten-wasm                                    - Generate asm.js which will later be compiled to WebAssembly (see emscripten BINARYEN setting)
  -enable-cyberdwarf                                  - Include CyberDWARF debug information
  -enable-debug-intrinsics                            - Include debug intrinsics in generated output
  -enable-emscripten-cpp-exceptions                   - Enables C++ exceptions in emscripten
  -enable-load-pre                                    - 
  -enable-name-compression                            - Enable name string compression
  -enable-pnacl-sjlj-eh                               - Enable use of SJLJ-based C++ exception handling as part of the pnacl-abi-simplify passes
  -expensive-combines                                 - Enable expensive instruction combines
  -format                                             - Archive format to create
    =default                                          -   default
    =gnu                                              -   gnu
    =darwin                                           -   darwin
    =bsd                                              -   bsd
  -hash-based-counter-split                           - Rename counter variable of a comdat function based on cfg hash
  -help                                               - Display available options (-help-hidden for more)
  -import-all-index                                   - Import all external functions in index.
  -instcombine-maxarray-size=<uint>                   - Maximum array size considered when doing a combine
  -internalize-public-api-file=<filename>             - A file containing list of symbol names to preserve
  -internalize-public-api-list=<list>                 - A list of symbol names to preserve
  -iterative-counter-promotion                        - Allow counter promotion across the whole loop nest.
  -lto-pass-remarks-output=<filename>                 - Output filename for pass remarks
  -max-counter-promotions=<int>                       - Max number of allowed counter promotions
  -max-counter-promotions-per-loop=<uint>             - Max number counter promotions per loop to avoid increasing register pressure too much
  -memop-size-large=<uint>                            - Set large value thresthold in memory intrinsic size profiling. Value of 0 disables the large value profiling.
  -memop-size-range=<string>                          - Set the range of size in memory intrinsic calls to be profiled precisely, in a format of <start_val>:<end_val>
  -no-discriminators                                  - Disable generation of discriminator information.
  -plugin=<string>                                    - plugin (ignored for compatibility
  -pnacl-memory-order-seq-cst-only                    - PNaCl should upgrade all atomic memory orders to seq_cst
  -print-module-scope                                 - When printing IR for print-[before|after]{-all} always print a module IR
  -safepoint-ir-verifier-print-only                   - 
  -sample-profile-check-record-coverage=<N>           - Emit a warning if less than N% of records in the input profile are matched to the IR.
  -sample-profile-check-sample-coverage=<N>           - Emit a warning if less than N% of samples in the input profile are matched to the IR.
  -sample-profile-inline-hot-threshold=<N>            - Inlined functions that account for more than N% of all samples collected in the parent function, will be inlined again.
  -sample-profile-max-propagate-iterations=<uint>     - Maximum number of iterations to go through when propagating sample block/edge weights through the CFG.
  -speculative-counter-promotion-max-exiting=<uint>   - The max number of exiting blocks of a loop to allow  speculative counter promotion
  -speculative-counter-promotion-to-loop              - When the option is false, if the target block is in a loop, the promotion will be disallowed unless the promoted counter  update can be further/iteratively promoted into an acyclic  region.
  -summary-file=<string>                              - The summary file to use for function importing.
  -threads=<int>                                      - 
  -unfold-element-atomic-memcpy-max-elements=<uint>   - Maximum number of elements in atomic memcpy the optimizer is allowed to unfold
  -verify-region-info                                 - Verify region info (time consuming)
  -version                                            - Display the version of this program
  -vp-counters-per-site=<number>                      - The average number of profile counters allocated per value profiling site.
  -vp-static-alloc                                    - Do static counter allocation for value profiler
configure:6307: $? = 1
configure:6319: result: @
configure:6377: checking for strip
configure:6393: found /usr/bin/strip
configure:6404: result: strip
configure:6476: checking for ranlib
configure:6503: result: /Users/mitist/emsdk/fastcomp/emscripten/emranlib
configure:6605: checking command to parse /Users/mitist/emsdk/fastcomp/fastcomp/bin/llvm-nm output from /Users/mitist/emsdk/fastcomp/emscripten/emcc object
configure:6758: /Users/mitist/emsdk/fastcomp/emscripten/emcc -c   conftest.c >&5
configure:6761: $? = 0
configure:6765: /Users/mitist/emsdk/fastcomp/fastcomp/bin/llvm-nm conftest.o \| sed -n -e 's/^.*[ ]\([BCDEGRST][BCDEGRST]*\)[ ][ ]*\([_A-Za-z][_A-Za-z0-9]*\)$/\1 \2 \2/p' | sed '/ __gnu_lto/d' \> conftest.nm
configure:6768: $? = 0
configure:6834: /Users/mitist/emsdk/fastcomp/emscripten/emcc -o conftest    conftest.c conftstm.o >&5
configure:6837: $? = 0
configure:6875: result: ok
configure:6922: checking for sysroot
configure:6952: result: no
configure:6959: checking for a working dd
configure:6997: result: /bin/dd
configure:7001: checking how to truncate binary pipes
configure:7016: result: /bin/dd bs=4096 count=1
configure:7345: checking for mt
configure:7375: result: no
configure:7395: checking if : is a manifest tool
configure:7401: : '-?'
configure:7409: result: no
configure:7465: checking for dsymutil
configure:7481: found /usr/bin/dsymutil
configure:7492: result: dsymutil
configure:7557: checking for nmedit
configure:7573: found /usr/bin/nmedit
configure:7584: result: nmedit
configure:7649: checking for lipo
configure:7665: found /usr/bin/lipo
configure:7676: result: lipo
configure:7741: checking for otool
configure:7757: found /usr/bin/otool
configure:7768: result: otool
configure:7833: checking for otool64
configure:7863: result: no
configure:7908: checking for -single_module linker flag
/Users/mitist/emsdk/fastcomp/emscripten/emcc   -o libconftest.dylib -dynamiclib -Wl,-single_module conftest.c
emcc:WARNING: ignoring unsupported linker flag: `-single_module`
clang-6.0: warning: argument unused during compilation: '-dynamiclib' [-Wunused-command-line-argument]
configure:7941: result: no
configure:7944: checking for -exported_symbols_list linker flag
configure:7964: /Users/mitist/emsdk/fastcomp/emscripten/emcc -o conftest    -Wl,-exported_symbols_list,conftest.sym conftest.c  >&5
emcc:WARNING: ignoring unsupported linker flag: `-exported_symbols_list`
emcc:WARNING: ignoring unsupported linker flag: `conftest.sym`
configure:7964: $? = 0
configure:7974: result: yes
configure:7977: checking for -force_load linker flag
/Users/mitist/emsdk/fastcomp/emscripten/emcc  -c -o conftest.o conftest.c
/Users/mitist/emsdk/fastcomp/emscripten/emar cru libconftest.a conftest.o
/Users/mitist/emsdk/fastcomp/emscripten/emranlib libconftest.a
/Users/mitist/emsdk/fastcomp/emscripten/emcc   -o conftest conftest.c -Wl,-force_load,./libconftest.a
emcc:WARNING: ignoring unsupported linker flag: `-force_load`
emcc:WARNING: ignoring unsupported linker flag: `./libconftest.a`
configure:8009: result: no
configure:8082: checking for ANSI C header files
configure:8102: /Users/mitist/emsdk/fastcomp/emscripten/emcc -c   conftest.c >&5
configure:8102: $? = 0
configure:8175: /Users/mitist/emsdk/fastcomp/emscripten/emcc -o conftest    conftest.c  >&5
configure:8175: $? = 0
configure:8175: ./conftest
configure:8175: $? = 0
configure:8186: result: yes
configure:8199: checking for sys/types.h
configure:8199: /Users/mitist/emsdk/fastcomp/emscripten/emcc -c   conftest.c >&5
configure:8199: $? = 0
configure:8199: result: yes
configure:8199: checking for sys/stat.h
configure:8199: /Users/mitist/emsdk/fastcomp/emscripten/emcc -c   conftest.c >&5
configure:8199: $? = 0
configure:8199: result: yes
configure:8199: checking for stdlib.h
configure:8199: /Users/mitist/emsdk/fastcomp/emscripten/emcc -c   conftest.c >&5
configure:8199: $? = 0
configure:8199: result: yes
configure:8199: checking for string.h
configure:8199: /Users/mitist/emsdk/fastcomp/emscripten/emcc -c   conftest.c >&5
configure:8199: $? = 0
configure:8199: result: yes
configure:8199: checking for memory.h
configure:8199: /Users/mitist/emsdk/fastcomp/emscripten/emcc -c   conftest.c >&5
configure:8199: $? = 0
configure:8199: result: yes
configure:8199: checking for strings.h
configure:8199: /Users/mitist/emsdk/fastcomp/emscripten/emcc -c   conftest.c >&5
configure:8199: $? = 0
configure:8199: result: yes
configure:8199: checking for inttypes.h
configure:8199: /Users/mitist/emsdk/fastcomp/emscripten/emcc -c   conftest.c >&5
configure:8199: $? = 0
configure:8199: result: yes
configure:8199: checking for stdint.h
configure:8199: /Users/mitist/emsdk/fastcomp/emscripten/emcc -c   conftest.c >&5
configure:8199: $? = 0
configure:8199: result: yes
configure:8199: checking for unistd.h
configure:8199: /Users/mitist/emsdk/fastcomp/emscripten/emcc -c   conftest.c >&5
configure:8199: $? = 0
configure:8199: result: yes
configure:8213: checking for dlfcn.h
configure:8213: /Users/mitist/emsdk/fastcomp/emscripten/emcc -c   conftest.c >&5
configure:8213: $? = 0
configure:8213: result: yes
configure:8467: checking for objdir
configure:8482: result: .libs
configure:8746: checking if /Users/mitist/emsdk/fastcomp/emscripten/emcc supports -fno-rtti -fno-exceptions
configure:8764: /Users/mitist/emsdk/fastcomp/emscripten/emcc -c   -fno-rtti -fno-exceptions conftest.c >&5
configure:8768: $? = 0
configure:8781: result: yes
configure:9139: checking for /Users/mitist/emsdk/fastcomp/emscripten/emcc option to produce PIC
configure:9146: result: -fno-common -DPIC
configure:9154: checking if /Users/mitist/emsdk/fastcomp/emscripten/emcc PIC flag -fno-common -DPIC works
configure:9172: /Users/mitist/emsdk/fastcomp/emscripten/emcc -c   -fno-common -DPIC -DPIC conftest.c >&5
configure:9176: $? = 0
configure:9189: result: yes
configure:9218: checking if /Users/mitist/emsdk/fastcomp/emscripten/emcc static flag -static works
configure:9246: result: yes
configure:9261: checking if /Users/mitist/emsdk/fastcomp/emscripten/emcc supports -c -o file.o
configure:9282: /Users/mitist/emsdk/fastcomp/emscripten/emcc -c   -o out/conftest2.o conftest.c >&5
configure:9286: $? = 0
configure:9308: result: yes
configure:9316: checking if /Users/mitist/emsdk/fastcomp/emscripten/emcc supports -c -o file.o
configure:9363: result: yes
configure:9396: checking whether the /Users/mitist/emsdk/fastcomp/emscripten/emcc linker (/Users/mitist/emsdk/fastcomp/emscripten/emcc) supports shared libraries
configure:10655: result: yes
configure:10895: checking dynamic linker characteristics
configure:11716: result: darwin17.7.0 dyld
configure:11838: checking how to hardcode library paths into programs
configure:11863: result: immediate
configure:12411: checking whether stripping libraries is possible
configure:12425: result: yes
configure:12451: checking if libtool supports shared libraries
configure:12453: result: yes
configure:12456: checking whether to build shared libraries
configure:12481: result: no
configure:12484: checking whether to build static libraries
configure:12488: result: yes
configure:12729: checking GCC version
configure:12732: result: 1.38.47
configure:12873: checking if /Users/mitist/emsdk/fastcomp/emscripten/emcc accepts -Wdeclaration-after-statement
configure:12888: /Users/mitist/emsdk/fastcomp/emscripten/emcc -o conftest -DDARWIN -fno-common -force_cpusubtype_ALL -Wall -g -O3 -ffast-math -fsigned-char -Wdeclaration-after-statement   conftest.c  >&5
clang-6.0: warning: argument unused during compilation: '-force_cpusubtype_ALL' [-Wunused-command-line-argument]
configure:12888: $? = 0
configure:12889: result: yes
configure:12903: checking for memory.h
configure:12903: result: yes
configure:12915: checking for cos in -lm
configure:12940: /Users/mitist/emsdk/fastcomp/emscripten/emcc -o conftest -DDARWIN -fno-common -force_cpusubtype_ALL -Wall -g -O3 -ffast-math -fsigned-char -Wdeclaration-after-statement  -DUSE_MEMORY_H   conftest.c -lm   >&5
clang-6.0: warning: argument unused during compilation: '-force_cpusubtype_ALL' [-Wunused-command-line-argument]
conftest.c:30:6: warning: incompatible redeclaration of library function 'cos' [-Wincompatible-library-redeclaration]
char cos ();
     ^
conftest.c:30:6: note: 'cos' is a builtin with type 'double (double)'
1 warning generated.
Assertion failed: (false), function getMaxBits, file /b/s/w/ir/cache/builder/emscripten-releases/binaryen/src/passes/OptimizeInstructions.cpp, line 189.
shared:ERROR: '/Users/mitist/emsdk/fastcomp/bin/asm2wasm conftest.temp.asm.js --total-memory=16777216 --trap-mode=allow -O3 --mem-init=conftest.js.mem --mem-base=1024 --wasm-only -g -o conftest.wast -S --mvp-features' failed (-6)
configure:12940: $? = 1
configure: failed program was:
| /* confdefs.h */
| #define PACKAGE_NAME "libvorbis"
| #define PACKAGE_TARNAME "libvorbis"
| #define PACKAGE_VERSION "1.3.6"
| #define PACKAGE_STRING "libvorbis 1.3.6"
| #define PACKAGE_BUGREPORT "vorbis-dev@xiph.org"
| #define PACKAGE_URL ""
| #define PACKAGE "libvorbis"
| #define VERSION "1.3.6"
| #define STDC_HEADERS 1
| #define HAVE_SYS_TYPES_H 1
| #define HAVE_SYS_STAT_H 1
| #define HAVE_STDLIB_H 1
| #define HAVE_STRING_H 1
| #define HAVE_MEMORY_H 1
| #define HAVE_STRINGS_H 1
| #define HAVE_INTTYPES_H 1
| #define HAVE_STDINT_H 1
| #define HAVE_UNISTD_H 1
| #define HAVE_DLFCN_H 1
| #define LT_OBJDIR ".libs/"
| /* end confdefs.h.  */
| 
| /* Override any GCC internal prototype to avoid an error.
|    Use char because int might match the return type of a GCC
|    builtin and then its argument prototype would still apply.  */
| #ifdef __cplusplus
| extern "C"
| #endif
| char cos ();
| int
| main ()
| {
| return cos ();
|   ;
|   return 0;
| }
configure:12949: result: no
configure:12957: checking for pthread_create in -lpthread
configure:12982: /Users/mitist/emsdk/fastcomp/emscripten/emcc -o conftest -DDARWIN -fno-common -force_cpusubtype_ALL -Wall -g -O3 -ffast-math -fsigned-char -Wdeclaration-after-statement  -DUSE_MEMORY_H   conftest.c -lpthread   >&5
clang-6.0: warning: argument unused during compilation: '-force_cpusubtype_ALL' [-Wunused-command-line-argument]
configure:12982: $? = 0
configure:12991: result: yes
configure:13049: checking for pkg-config
configure:13067: found /usr/local/bin/pkg-config
configure:13079: result: /usr/local/bin/pkg-config
configure:13104: checking pkg-config is at least version 0.9.0
configure:13107: result: yes
configure:13122: checking for OGG
configure:13130: $PKG_CONFIG --exists --print-errors "ogg >= 1.0"
Package ogg was not found in the pkg-config search path.
Perhaps you should add the directory containing `ogg.pc'
to the PKG_CONFIG_PATH environment variable
No package 'ogg' found
configure:13133: $? = 1
configure:13148: $PKG_CONFIG --exists --print-errors "ogg >= 1.0"
Package ogg was not found in the pkg-config search path.
Perhaps you should add the directory containing `ogg.pc'
to the PKG_CONFIG_PATH environment variable
No package 'ogg' found
configure:13151: $? = 1
No package 'ogg' found
configure:13179: result: no
configure:13250: checking for Ogg
configure:13285: /Users/mitist/emsdk/fastcomp/emscripten/emcc -o conftest -DDARWIN -fno-common -force_cpusubtype_ALL -Wall -g -O3 -ffast-math -fsigned-char -Wdeclaration-after-statement  -DUSE_MEMORY_H -I/Users/mitist/sharpener/build/include   conftest.c  -L/Users/mitist/sharpener/build/lib -logg >&5
clang-6.0: warning: argument unused during compilation: '-force_cpusubtype_ALL' [-Wunused-command-line-argument]
configure:13285: $? = 0
configure:13285: ./conftest
configure:13285: $? = 0
configure:13303: result: yes
configure:13359: checking for oggpack_writealign
configure:13359: /Users/mitist/emsdk/fastcomp/emscripten/emcc -o conftest -DDARWIN -fno-common -force_cpusubtype_ALL -Wall -g -O3 -ffast-math -fsigned-char -Wdeclaration-after-statement  -DUSE_MEMORY_H   conftest.c -L/Users/mitist/sharpener/build/lib -logg  >&5
clang-6.0: warning: argument unused during compilation: '-force_cpusubtype_ALL' [-Wunused-command-line-argument]
warning: asm2wasm adding operands in call from $_main to $_oggpack_writealign (this is likely due to undefined behavior in C, like defining a function one way and calling it in another, which is important to fix)
configure:13359: $? = 0
configure:13359: result: yes
configure:13370: checking for size_t
configure:13370: /Users/mitist/emsdk/fastcomp/emscripten/emcc -c -DDARWIN -fno-common -force_cpusubtype_ALL -Wall -g -O3 -ffast-math -fsigned-char -Wdeclaration-after-statement  -DUSE_MEMORY_H  conftest.c >&5
clang-6.0: warning: argument unused during compilation: '-force_cpusubtype_ALL' [-Wunused-command-line-argument]
configure:13370: $? = 0
configure:13370: /Users/mitist/emsdk/fastcomp/emscripten/emcc -c -DDARWIN -fno-common -force_cpusubtype_ALL -Wall -g -O3 -ffast-math -fsigned-char -Wdeclaration-after-statement  -DUSE_MEMORY_H  conftest.c >&5
clang-6.0: warning: argument unused during compilation: '-force_cpusubtype_ALL' [-Wunused-command-line-argument]
conftest.c:59:21: error: expected expression
if (sizeof ((size_t)))
                    ^
1 error generated.
shared:ERROR: '/Users/mitist/emsdk/fastcomp/fastcomp/bin/clang -target asmjs-unknown-emscripten -D__EMSCRIPTEN_major__=1 -D__EMSCRIPTEN_minor__=38 -D__EMSCRIPTEN_tiny__=47 -D_LIBCPP_ABI_VERSION=2 -Werror=implicit-function-declaration -Xclang -nostdsysteminc -Xclang -isystem/Users/mitist/emsdk/fastcomp/emscripten/system/include/libcxx -Xclang -isystem/Users/mitist/emsdk/fastcomp/emscripten/system/lib/libcxxabi/include -Xclang -isystem/Users/mitist/emsdk/fastcomp/emscripten/system/include/compat -Xclang -isystem/Users/mitist/emsdk/fastcomp/emscripten/system/include -Xclang -isystem/Users/mitist/emsdk/fastcomp/emscripten/system/include/libc -Xclang -isystem/Users/mitist/emsdk/fastcomp/emscripten/system/lib/libc/musl/arch/emscripten -Xclang -isystem/Users/mitist/emsdk/fastcomp/emscripten/system/local/include -c -DDARWIN -fno-common -force_cpusubtype_ALL -Wall -O3 -ffast-math -fsigned-char -Wdeclaration-after-statement -DUSE_MEMORY_H -DEMSCRIPTEN -mllvm -disable-llvm-optzns -g conftest.c -Xclang -disable-O0-optnone -Xclang -isystem/Users/mitist/emsdk/fastcomp/emscripten/system/include/SDL -c -o conftest.o -emit-llvm' failed (1)
configure:13370: $? = 1
configure: failed program was:
| /* confdefs.h */
| #define PACKAGE_NAME "libvorbis"
| #define PACKAGE_TARNAME "libvorbis"
| #define PACKAGE_VERSION "1.3.6"
| #define PACKAGE_STRING "libvorbis 1.3.6"
| #define PACKAGE_BUGREPORT "vorbis-dev@xiph.org"
| #define PACKAGE_URL ""
| #define PACKAGE "libvorbis"
| #define VERSION "1.3.6"
| #define STDC_HEADERS 1
| #define HAVE_SYS_TYPES_H 1
| #define HAVE_SYS_STAT_H 1
| #define HAVE_STDLIB_H 1
| #define HAVE_STRING_H 1
| #define HAVE_MEMORY_H 1
| #define HAVE_STRINGS_H 1
| #define HAVE_INTTYPES_H 1
| #define HAVE_STDINT_H 1
| #define HAVE_UNISTD_H 1
| #define HAVE_DLFCN_H 1
| #define LT_OBJDIR ".libs/"
| /* end confdefs.h.  */
| #include <stdio.h>
| #ifdef HAVE_SYS_TYPES_H
| # include <sys/types.h>
| #endif
| #ifdef HAVE_SYS_STAT_H
| # include <sys/stat.h>
| #endif
| #ifdef STDC_HEADERS
| # include <stdlib.h>
| # include <stddef.h>
| #else
| # ifdef HAVE_STDLIB_H
| #  include <stdlib.h>
| # endif
| #endif
| #ifdef HAVE_STRING_H
| # if !defined STDC_HEADERS && defined HAVE_MEMORY_H
| #  include <memory.h>
| # endif
| # include <string.h>
| #endif
| #ifdef HAVE_STRINGS_H
| # include <strings.h>
| #endif
| #ifdef HAVE_INTTYPES_H
| # include <inttypes.h>
| #endif
| #ifdef HAVE_STDINT_H
| # include <stdint.h>
| #endif
| #ifdef HAVE_UNISTD_H
| # include <unistd.h>
| #endif
| int
| main ()
| {
| if (sizeof ((size_t)))
| 	    return 0;
|   ;
|   return 0;
| }
configure:13370: result: yes
configure:13383: checking for working alloca.h
configure:13400: /Users/mitist/emsdk/fastcomp/emscripten/emcc -o conftest -DDARWIN -fno-common -force_cpusubtype_ALL -Wall -g -O3 -ffast-math -fsigned-char -Wdeclaration-after-statement  -DUSE_MEMORY_H   conftest.c  >&5
clang-6.0: warning: argument unused during compilation: '-force_cpusubtype_ALL' [-Wunused-command-line-argument]
configure:13400: $? = 0
configure:13408: result: yes
configure:13416: checking for alloca
configure:13453: /Users/mitist/emsdk/fastcomp/emscripten/emcc -o conftest -DDARWIN -fno-common -force_cpusubtype_ALL -Wall -g -O3 -ffast-math -fsigned-char -Wdeclaration-after-statement  -DUSE_MEMORY_H   conftest.c  >&5
clang-6.0: warning: argument unused during compilation: '-force_cpusubtype_ALL' [-Wunused-command-line-argument]
configure:13453: $? = 0
configure:13461: result: yes
configure:13567: checking for working memcmp
configure:13610: /Users/mitist/emsdk/fastcomp/emscripten/emcc -o conftest -DDARWIN -fno-common -force_cpusubtype_ALL -Wall -g -O3 -ffast-math -fsigned-char -Wdeclaration-after-statement  -DUSE_MEMORY_H   conftest.c  >&5
clang-6.0: warning: argument unused during compilation: '-force_cpusubtype_ALL' [-Wunused-command-line-argument]
configure:13610: $? = 0
configure:13610: ./conftest
configure:13610: $? = 0
configure:13620: result: yes
configure:13752: checking that generated files are newer than configure
configure:13758: result: done
configure:13797: creating ./config.status

## ---------------------- ##
## Running config.status. ##
## ---------------------- ##

This file was extended by libvorbis config.status 1.3.6, which was
generated by GNU Autoconf 2.69.  Invocation command line was

  CONFIG_FILES    = 
  CONFIG_HEADERS  = 
  CONFIG_LINKS    = 
  CONFIG_COMMANDS = 
  $ ./config.status 

on Justins-MBP-5

config.status:1143: creating Makefile
config.status:1143: creating m4/Makefile
config.status:1143: creating lib/Makefile
config.status:1143: creating lib/modes/Makefile
config.status:1143: creating lib/books/Makefile
config.status:1143: creating lib/books/coupled/Makefile
config.status:1143: creating lib/books/uncoupled/Makefile
config.status:1143: creating lib/books/floor/Makefile
config.status:1143: creating doc/Makefile
config.status:1143: creating doc/vorbisfile/Makefile
config.status:1143: creating doc/vorbisenc/Makefile
config.status:1143: creating doc/libvorbis/Makefile
config.status:1143: creating doc/Doxyfile
config.status:1143: creating include/Makefile
config.status:1143: creating include/vorbis/Makefile
config.status:1143: creating examples/Makefile
config.status:1143: creating test/Makefile
config.status:1143: creating vq/Makefile
config.status:1143: creating libvorbis.spec
config.status:1143: creating vorbis.pc
config.status:1143: creating vorbisenc.pc
config.status:1143: creating vorbisfile.pc
config.status:1143: creating vorbis-uninstalled.pc
config.status:1143: creating vorbisenc-uninstalled.pc
config.status:1143: creating vorbisfile-uninstalled.pc
config.status:1143: creating config.h
config.status:1372: executing depfiles commands
config.status:1372: executing libtool commands

## ---------------- ##
## Cache variables. ##
## ---------------- ##

ac_cv_build=x86_64-apple-darwin17.7.0
ac_cv_c_compiler_gnu=yes
ac_cv_c_inline=inline
ac_cv_env_CC_set=set
ac_cv_env_CC_value=/Users/mitist/emsdk/fastcomp/emscripten/emcc
ac_cv_env_CFLAGS_set=
ac_cv_env_CFLAGS_value=
ac_cv_env_CPPFLAGS_set=
ac_cv_env_CPPFLAGS_value=
ac_cv_env_CPP_set=
ac_cv_env_CPP_value=
ac_cv_env_LDFLAGS_set=
ac_cv_env_LDFLAGS_value=
ac_cv_env_LIBS_set=
ac_cv_env_LIBS_value=
ac_cv_env_LT_SYS_LIBRARY_PATH_set=
ac_cv_env_LT_SYS_LIBRARY_PATH_value=
ac_cv_env_OGG_CFLAGS_set=
ac_cv_env_OGG_CFLAGS_value=
ac_cv_env_OGG_LIBS_set=
ac_cv_env_OGG_LIBS_value=
ac_cv_env_PKG_CONFIG_set=
ac_cv_env_PKG_CONFIG_value=
ac_cv_env_build_alias_set=
ac_cv_env_build_alias_value=
ac_cv_env_host_alias_set=
ac_cv_env_host_alias_value=
ac_cv_env_target_alias_set=
ac_cv_env_target_alias_value=
ac_cv_func_alloca_works=yes
ac_cv_func_memcmp_working=yes
ac_cv_func_oggpack_writealign=yes
ac_cv_header_dlfcn_h=yes
ac_cv_header_inttypes_h=yes
ac_cv_header_memory_h=yes
ac_cv_header_stdc=yes
ac_cv_header_stdint_h=yes
ac_cv_header_stdlib_h=yes
ac_cv_header_string_h=yes
ac_cv_header_strings_h=yes
ac_cv_header_sys_stat_h=yes
ac_cv_header_sys_types_h=yes
ac_cv_header_unistd_h=yes
ac_cv_host=x86_64-apple-darwin17.7.0
ac_cv_lib_m_cos=no
ac_cv_lib_pthread_pthread_create=yes
ac_cv_objext=o
ac_cv_path_EGREP='/usr/bin/grep -E'
ac_cv_path_FGREP='/usr/bin/grep -F'
ac_cv_path_GREP=/usr/bin/grep
ac_cv_path_SED=/usr/bin/sed
ac_cv_path_ac_pt_PKG_CONFIG=/usr/local/bin/pkg-config
ac_cv_path_install='/usr/bin/install -c'
ac_cv_path_lt_DD=/bin/dd
ac_cv_prog_AWK=awk
ac_cv_prog_CPP='/Users/mitist/emsdk/fastcomp/emscripten/emcc -E'
ac_cv_prog_ac_ct_CC=/Users/mitist/emsdk/fastcomp/emscripten/emcc
ac_cv_prog_ac_ct_DLLTOOL=dlltool
ac_cv_prog_ac_ct_DSYMUTIL=dsymutil
ac_cv_prog_ac_ct_LIPO=lipo
ac_cv_prog_ac_ct_NMEDIT=nmedit
ac_cv_prog_ac_ct_OBJDUMP=objdump
ac_cv_prog_ac_ct_OTOOL=otool
ac_cv_prog_ac_ct_RANLIB=/Users/mitist/emsdk/fastcomp/emscripten/emranlib
ac_cv_prog_ac_ct_STRIP=strip
ac_cv_prog_cc_c89=
ac_cv_prog_cc_g=yes
ac_cv_prog_make_make_set=yes
ac_cv_target=x86_64-apple-darwin17.7.0
ac_cv_type_size_t=yes
ac_cv_working_alloca_h=yes
am_cv_CC_dependencies_compiler_type=gcc3
am_cv_make_support_nested_variables=yes
am_cv_prog_cc_c_o=yes
lt_cv_apple_cc_single_mod=no
lt_cv_ar_at_file=@
lt_cv_deplibs_check_method=pass_all
lt_cv_file_magic_cmd='$MAGIC_CMD'
lt_cv_file_magic_test_file=
lt_cv_ld_exported_symbols_list=yes
lt_cv_ld_force_load=no
lt_cv_ld_reload_flag=-r
lt_cv_nm_interface='BSD nm'
lt_cv_objdir=.libs
lt_cv_path_LD=/Users/mitist/emsdk/fastcomp/emscripten/emcc
lt_cv_path_NM=/Users/mitist/emsdk/fastcomp/fastcomp/bin/llvm-nm
lt_cv_path_mainfest_tool=no
lt_cv_prog_compiler_c_o=yes
lt_cv_prog_compiler_pic='-fno-common -DPIC'
lt_cv_prog_compiler_pic_works=yes
lt_cv_prog_compiler_rtti_exceptions=yes
lt_cv_prog_compiler_static_works=yes
lt_cv_prog_gnu_ld=yes
lt_cv_sharedlib_from_linklib_cmd='printf %s\n'
lt_cv_sys_global_symbol_pipe='sed -n -e '\''s/^.*[	 ]\([BCDEGRST][BCDEGRST]*\)[	 ][	 ]*\([_A-Za-z][_A-Za-z0-9]*\)$/\1 \2 \2/p'\'' | sed '\''/ __gnu_lto/d'\'''
lt_cv_sys_global_symbol_to_c_name_address='sed -n -e '\''s/^: \(.*\) .*$/  {"\1", (void *) 0},/p'\'' -e '\''s/^[BCDEGRST][BCDEGRST]* .* \(.*\)$/  {"\1", (void *) \&\1},/p'\'''
lt_cv_sys_global_symbol_to_c_name_address_lib_prefix='sed -n -e '\''s/^: \(.*\) .*$/  {"\1", (void *) 0},/p'\'' -e '\''s/^[BCDEGRST][BCDEGRST]* .* \(lib.*\)$/  {"\1", (void *) \&\1},/p'\'' -e '\''s/^[BCDEGRST][BCDEGRST]* .* \(.*\)$/  {"lib\1", (void *) \&\1},/p'\'''
lt_cv_sys_global_symbol_to_cdecl='sed -n -e '\''s/^T .* \(.*\)$/extern int \1();/p'\'' -e '\''s/^[BCDEGRST][BCDEGRST]* .* \(.*\)$/extern char \1;/p'\'''
lt_cv_sys_global_symbol_to_import=
lt_cv_sys_max_cmd_len=196608
lt_cv_to_host_file_cmd=func_convert_file_noop
lt_cv_to_tool_file_cmd=func_convert_file_noop
lt_cv_truncate_bin='/bin/dd bs=4096 count=1'

## ----------------- ##
## Output variables. ##
## ----------------- ##

ACLOCAL='${SHELL} /Users/mitist/sharpener/build/libvorbis-1.3.6/missing aclocal-1.15'
ACLOCAL_AMFLAGS='-I m4'
ALLOCA=''
AMDEPBACKSLASH='\'
AMDEP_FALSE='#'
AMDEP_TRUE=''
AMTAR='$${TAR-tar}'
AM_BACKSLASH='\'
AM_DEFAULT_V='$(AM_DEFAULT_VERBOSITY)'
AM_DEFAULT_VERBOSITY='0'
AM_V='$(V)'
AR='/Users/mitist/emsdk/fastcomp/emscripten/emar'
AS='as'
AUTOCONF='${SHELL} /Users/mitist/sharpener/build/libvorbis-1.3.6/missing autoconf'
AUTOHEADER='${SHELL} /Users/mitist/sharpener/build/libvorbis-1.3.6/missing autoheader'
AUTOMAKE='${SHELL} /Users/mitist/sharpener/build/libvorbis-1.3.6/missing automake-1.15'
AWK='awk'
BUILD_DOCS_FALSE=''
BUILD_DOCS_TRUE='#'
BUILD_EXAMPLES_FALSE=''
BUILD_EXAMPLES_TRUE='#'
CC='/Users/mitist/emsdk/fastcomp/emscripten/emcc'
CCDEPMODE='depmode=gcc3'
CFLAGS='-DDARWIN -fno-common -force_cpusubtype_ALL -Wall -g -O3 -ffast-math -fsigned-char -Wdeclaration-after-statement  -DUSE_MEMORY_H'
CPP='/Users/mitist/emsdk/fastcomp/emscripten/emcc -E'
CPPFLAGS=''
CYGPATH_W='echo'
DEBUG='-DDARWIN -fno-common -force_cpusubtype_ALL -Wall -g -O0 -fsigned-char'
DEFS='-DHAVE_CONFIG_H'
DEPDIR='.deps'
DLLTOOL='dlltool'
DSYMUTIL='dsymutil'
DUMPBIN=''
ECHO_C='\c'
ECHO_N=''
ECHO_T=''
EGREP='/usr/bin/grep -E'
EXEEXT=''
FGREP='/usr/bin/grep -F'
GREP='/usr/bin/grep'
HAVE_DOXYGEN='false'
HAVE_DOXYGEN_FALSE=''
HAVE_DOXYGEN_TRUE='#'
HTLATEX=''
INSTALL_DATA='${INSTALL} -m 644'
INSTALL_PROGRAM='${INSTALL}'
INSTALL_SCRIPT='${INSTALL}'
INSTALL_STRIP_PROGRAM='$(install_sh) -c -s'
LD='/Users/mitist/emsdk/fastcomp/emscripten/emcc'
LDFLAGS=''
LIBOBJS=''
LIBS=''
LIBTOOL='$(SHELL) $(top_builddir)/libtool'
LIBTOOL_DEPS='./ltmain.sh'
LIPO='lipo'
LN_S='ln -s'
LTLIBOBJS=''
LT_SYS_LIBRARY_PATH=''
MAINT='#'
MAINTAINER_MODE_FALSE=''
MAINTAINER_MODE_TRUE='#'
MAKEINFO='${SHELL} /Users/mitist/sharpener/build/libvorbis-1.3.6/missing makeinfo'
MANIFEST_TOOL=':'
MKDIR_P='./install-sh -c -d'
NM='/Users/mitist/emsdk/fastcomp/fastcomp/bin/llvm-nm'
NMEDIT='nmedit'
OBJDUMP='objdump'
OBJEXT='o'
OGG_CFLAGS='-I/Users/mitist/sharpener/build/include'
OGG_LIBS='-L/Users/mitist/sharpener/build/lib -logg'
OTOOL64=':'
OTOOL='otool'
PACKAGE='libvorbis'
PACKAGE_BUGREPORT='vorbis-dev@xiph.org'
PACKAGE_NAME='libvorbis'
PACKAGE_STRING='libvorbis 1.3.6'
PACKAGE_TARNAME='libvorbis'
PACKAGE_URL=''
PACKAGE_VERSION='1.3.6'
PATH_SEPARATOR=':'
PDFLATEX=''
PKG_CONFIG='/usr/local/bin/pkg-config'
PROFILE='-DDARWIN -fno-common -force_cpusubtype_ALL -Wall -g -pg -O3 -ffast-math -fsigned-char'
RANLIB='/Users/mitist/emsdk/fastcomp/emscripten/emranlib'
SED='/usr/bin/sed'
SET_MAKE=''
SHELL='/bin/sh'
STRIP='strip'
VERSION='1.3.6'
VE_LIB_AGE='0'
VE_LIB_CURRENT='2'
VE_LIB_REVISION='11'
VF_LIB_AGE='3'
VF_LIB_CURRENT='6'
VF_LIB_REVISION='7'
VORBIS_LIBS=''
V_LIB_AGE='4'
V_LIB_CURRENT='4'
V_LIB_REVISION='8'
ac_ct_AR=''
ac_ct_CC='/Users/mitist/emsdk/fastcomp/emscripten/emcc'
ac_ct_DUMPBIN=''
am__EXEEXT_FALSE=''
am__EXEEXT_TRUE='#'
am__fastdepCC_FALSE='#'
am__fastdepCC_TRUE=''
am__include='include'
am__isrc=''
am__leading_dot='.'
am__nodep='_no'
am__quote=''
am__tar='$${TAR-tar} chof - "$$tardir"'
am__untar='$${TAR-tar} xf -'
bindir='${exec_prefix}/bin'
build='x86_64-apple-darwin17.7.0'
build_alias=''
build_cpu='x86_64'
build_os='darwin17.7.0'
build_vendor='apple'
datadir='${datarootdir}'
datarootdir='${prefix}/share'
docdir='${datarootdir}/doc/${PACKAGE_TARNAME}'
dvidir='${docdir}'
exec_prefix='${prefix}'
host='x86_64-apple-darwin17.7.0'
host_alias=''
host_cpu='x86_64'
host_os='darwin17.7.0'
host_vendor='apple'
htmldir='${docdir}'
includedir='${prefix}/include'
infodir='${datarootdir}/info'
install_sh='${SHELL} /Users/mitist/sharpener/build/libvorbis-1.3.6/install-sh'
libdir='${exec_prefix}/lib'
libexecdir='${exec_prefix}/libexec'
localedir='${datarootdir}/locale'
localstatedir='${prefix}/var'
mandir='${datarootdir}/man'
mkdir_p='$(MKDIR_P)'
oldincludedir='/usr/include'
pdfdir='${docdir}'
prefix='/Users/mitist/sharpener/build'
program_transform_name='s,x,x,'
psdir='${docdir}'
pthread_lib='-lpthread'
sbindir='${exec_prefix}/sbin'
sharedstatedir='${prefix}/com'
sysconfdir='${prefix}/etc'
target='x86_64-apple-darwin17.7.0'
target_alias=''
target_cpu='x86_64'
target_os='darwin17.7.0'
target_vendor='apple'

## ----------- ##
## confdefs.h. ##
## ----------- ##

/* confdefs.h */
#define PACKAGE_NAME "libvorbis"
#define PACKAGE_TARNAME "libvorbis"
#define PACKAGE_VERSION "1.3.6"
#define PACKAGE_STRING "libvorbis 1.3.6"
#define PACKAGE_BUGREPORT "vorbis-dev@xiph.org"
#define PACKAGE_URL ""
#define PACKAGE "libvorbis"
#define VERSION "1.3.6"
#define STDC_HEADERS 1
#define HAVE_SYS_TYPES_H 1
#define HAVE_SYS_STAT_H 1
#define HAVE_STDLIB_H 1
#define HAVE_STRING_H 1
#define HAVE_MEMORY_H 1
#define HAVE_STRINGS_H 1
#define HAVE_INTTYPES_H 1
#define HAVE_STDINT_H 1
#define HAVE_UNISTD_H 1
#define HAVE_DLFCN_H 1
#define LT_OBJDIR ".libs/"
#define HAVE_ALLOCA_H 1
#define HAVE_ALLOCA 1

configure: exit 0
